# JRE version: OpenJDK Runtime Environment (8.0_202-b03) (build 1.8.0_202-release-1483-b03)
# Java VM: OpenJDK 64-Bit Server VM (25.202-b03 mixed mode windows-amd64 compressed oops)
Heap:
 PSYoungGen      total 342016K, used 162298K [0x00000000e0000000, 0x00000000f8380000, 0x0000000100000000)
  eden space 290304K, 53% used [0x00000000e0000000,0x00000000e969c2e8,0x00000000f1b80000)
  from space 51712K, 15% used [0x00000000f5100000,0x00000000f58e2518,0x00000000f8380000)
  to   space 53248K, 0% used [0x00000000f1b80000,0x00000000f1b80000,0x00000000f4f80000)
 ParOldGen       total 270848K, used 119093K [0x00000000a0000000, 0x00000000b0880000, 0x00000000e0000000)
  object space 270848K, 43% used [0x00000000a0000000,0x00000000a744d7c0,0x00000000b0880000)
 Metaspace       used 142900K, capacity 152762K, committed 153304K, reserved 1183744K
  class space    used 18067K, capacity 19800K, committed 19968K, reserved 1048576K
GC Heap History (10 events):
Event: 16535.044 GC heap before
{Heap before GC invocations=87 (full 6):
 PSYoungGen      total 292864K, used 276734K [0x00000000e0000000, 0x00000000f5400000, 0x0000000100000000)
  eden space 239616K, 100% used [0x00000000e0000000,0x00000000eea00000,0x00000000eea00000)
  from space 53248K, 69% used [0x00000000f2000000,0x00000000f443f900,0x00000000f5400000)
  to   space 54272K, 0% used [0x00000000eea00000,0x00000000eea00000,0x00000000f1f00000)
 ParOldGen       total 148480K, used 129279K [0x00000000a0000000, 0x00000000a9100000, 0x00000000e0000000)
  object space 148480K, 87% used [0x00000000a0000000,0x00000000a7e3ff38,0x00000000a9100000)
 Metaspace       used 142416K, capacity 152734K, committed 153048K, reserved 1181696K
  class space    used 18125K, capacity 19860K, committed 19968K, reserved 1048576K
Event: 16535.057 GC heap after
Heap after GC invocations=87 (full 6):
 PSYoungGen      total 293888K, used 30514K [0x00000000e0000000, 0x00000000f6700000, 0x0000000100000000)
  eden space 239616K, 0% used [0x00000000e0000000,0x00000000e0000000,0x00000000eea00000)
  from space 54272K, 56% used [0x00000000eea00000,0x00000000f07cc900,0x00000000f1f00000)
  to   space 52224K, 0% used [0x00000000f3400000,0x00000000f3400000,0x00000000f6700000)
 ParOldGen       total 148480K, used 134484K [0x00000000a0000000, 0x00000000a9100000, 0x00000000e0000000)
  object space 148480K, 90% used [0x00000000a0000000,0x00000000a8355200,0x00000000a9100000)
 Metaspace       used 142416K, capacity 152734K, committed 153048K, reserved 1181696K
  class space    used 18125K, capacity 19860K, committed 19968K, reserved 1048576K
}
Event: 16535.242 GC heap before
{Heap before GC invocations=88 (full 6):
 PSYoungGen      total 293888K, used 270126K [0x00000000e0000000, 0x00000000f6700000, 0x0000000100000000)
  eden space 239616K, 99% used [0x00000000e0000000,0x00000000ee9ff1b0,0x00000000eea00000)
  from space 54272K, 56% used [0x00000000eea00000,0x00000000f07cc900,0x00000000f1f00000)
  to   space 52224K, 0% used [0x00000000f3400000,0x00000000f3400000,0x00000000f6700000)
 ParOldGen       total 148480K, used 134484K [0x00000000a0000000, 0x00000000a9100000, 0x00000000e0000000)
  object space 148480K, 90% used [0x00000000a0000000,0x00000000a8355200,0x00000000a9100000)
 Metaspace       used 142552K, capacity 152888K, committed 153048K, reserved 1181696K
  class space    used 18128K, capacity 19865K, committed 19968K, reserved 1048576K
Event: 16535.252 GC heap after
Heap after GC invocations=88 (full 6):
 PSYoungGen      total 314368K, used 25166K [0x00000000e0000000, 0x00000000f6500000, 0x0000000100000000)
  eden space 264192K, 0% used [0x00000000e0000000,0x00000000e0000000,0x00000000f0200000)
  from space 50176K, 50% used [0x00000000f3400000,0x00000000f4c938f0,0x00000000f6500000)
  to   space 50688K, 0% used [0x00000000f0200000,0x00000000f0200000,0x00000000f3380000)
 ParOldGen       total 148480K, used 138314K [0x00000000a0000000, 0x00000000a9100000, 0x00000000e0000000)
  object space 148480K, 93% used [0x00000000a0000000,0x00000000a8712a60,0x00000000a9100000)
 Metaspace       used 142552K, capacity 152888K, committed 153048K, reserved 1181696K
  class space    used 18128K, capacity 19865K, committed 19968K, reserved 1048576K
}
Event: 16535.252 GC heap before
{Heap before GC invocations=89 (full 7):
 PSYoungGen      total 314368K, used 25166K [0x00000000e0000000, 0x00000000f6500000, 0x0000000100000000)
  eden space 264192K, 0% used [0x00000000e0000000,0x00000000e0000000,0x00000000f0200000)
  from space 50176K, 50% used [0x00000000f3400000,0x00000000f4c938f0,0x00000000f6500000)
  to   space 50688K, 0% used [0x00000000f0200000,0x00000000f0200000,0x00000000f3380000)
 ParOldGen       total 148480K, used 138314K [0x00000000a0000000, 0x00000000a9100000, 0x00000000e0000000)
  object space 148480K, 93% used [0x00000000a0000000,0x00000000a8712a60,0x00000000a9100000)
 Metaspace       used 142552K, capacity 152888K, committed 153048K, reserved 1181696K
  class space    used 18128K, capacity 19865K, committed 19968K, reserved 1048576K
Event: 16535.480 GC heap after
Heap after GC invocations=89 (full 7):
 PSYoungGen      total 314368K, used 0K [0x00000000e0000000, 0x00000000f6500000, 0x0000000100000000)
  eden space 264192K, 0% used [0x00000000e0000000,0x00000000e0000000,0x00000000f0200000)
  from space 50176K, 0% used [0x00000000f3400000,0x00000000f3400000,0x00000000f6500000)
  to   space 50688K, 0% used [0x00000000f0200000,0x00000000f0200000,0x00000000f3380000)
 ParOldGen       total 270848K, used 119093K [0x00000000a0000000, 0x00000000b0880000, 0x00000000e0000000)
  object space 270848K, 43% used [0x00000000a0000000,0x00000000a744d7c0,0x00000000b0880000)
 Metaspace       used 142289K, capacity 152156K, committed 153048K, reserved 1181696K
  class space    used 18051K, capacity 19757K, committed 19968K, reserved 1048576K
}
Event: 16535.603 GC heap before
{Heap before GC invocations=90 (full 7):
 PSYoungGen      total 314368K, used 264192K [0x00000000e0000000, 0x00000000f6500000, 0x0000000100000000)
  eden space 264192K, 100% used [0x00000000e0000000,0x00000000f0200000,0x00000000f0200000)
  from space 50176K, 0% used [0x00000000f3400000,0x00000000f3400000,0x00000000f6500000)
  to   space 50688K, 0% used [0x00000000f0200000,0x00000000f0200000,0x00000000f3380000)
 ParOldGen       total 270848K, used 119093K [0x00000000a0000000, 0x00000000b0880000, 0x00000000e0000000)
  object space 270848K, 43% used [0x00000000a0000000,0x00000000a744d7c0,0x00000000b0880000)
 Metaspace       used 142333K, capacity 152156K, committed 153048K, reserved 1181696K
  class space    used 18051K, capacity 19757K, committed 19968K, reserved 1048576K
Event: 16535.608 GC heap after
Heap after GC invocations=90 (full 7):
 PSYoungGen      total 314880K, used 5610K [0x00000000e0000000, 0x00000000f8480000, 0x0000000100000000)
  eden space 264192K, 0% used [0x00000000e0000000,0x00000000e0000000,0x00000000f0200000)
  from space 50688K, 11% used [0x00000000f0200000,0x00000000f077a910,0x00000000f3380000)
  to   space 52736K, 0% used [0x00000000f5100000,0x00000000f5100000,0x00000000f8480000)
 ParOldGen       total 270848K, used 119093K [0x00000000a0000000, 0x00000000b0880000, 0x00000000e0000000)
  object space 270848K, 43% used [0x00000000a0000000,0x00000000a744d7c0,0x00000000b0880000)
 Metaspace       used 142333K, capacity 152156K, committed 153048K, reserved 1181696K
  class space    used 18051K, capacity 19757K, committed 19968K, reserved 1048576K
}
Event: 16535.933 GC heap before
{Heap before GC invocations=91 (full 7):
 PSYoungGen      total 314880K, used 269802K [0x00000000e0000000, 0x00000000f8480000, 0x0000000100000000)
  eden space 264192K, 100% used [0x00000000e0000000,0x00000000f0200000,0x00000000f0200000)
  from space 50688K, 11% used [0x00000000f0200000,0x00000000f077a910,0x00000000f3380000)
  to   space 52736K, 0% used [0x00000000f5100000,0x00000000f5100000,0x00000000f8480000)
 ParOldGen       total 270848K, used 119093K [0x00000000a0000000, 0x00000000b0880000, 0x00000000e0000000)
  object space 270848K, 43% used [0x00000000a0000000,0x00000000a744d7c0,0x00000000b0880000)
 Metaspace       used 142761K, capacity 152686K, committed 153304K, reserved 1183744K
  class space    used 18067K, capacity 19800K, committed 19968K, reserved 1048576K
Event: 16535.938 GC heap after
Heap after GC invocations=91 (full 7):
 PSYoungGen      total 342016K, used 8073K [0x00000000e0000000, 0x00000000f8380000, 0x0000000100000000)
  eden space 290304K, 0% used [0x00000000e0000000,0x00000000e0000000,0x00000000f1b80000)
  from space 51712K, 15% used [0x00000000f5100000,0x00000000f58e2518,0x00000000f8380000)
  to   space 53248K, 0% used [0x00000000f1b80000,0x00000000f1b80000,0x00000000f4f80000)
 ParOldGen       total 270848K, used 119093K [0x00000000a0000000, 0x00000000b0880000, 0x00000000e0000000)
  object space 270848K, 43% used [0x00000000a0000000,0x00000000a744d7c0,0x00000000b0880000)
 Metaspace       used 142761K, capacity 152686K, committed 153304K, reserved 1183744K
  class space    used 18067K, capacity 19800K, committed 19968K, reserved 1048576K
}

