# JRE version: OpenJDK Runtime Environment (8.0_202-b03) (build 1.8.0_202-release-1483-b03)
# Java VM: OpenJDK 64-Bit Server VM (25.202-b03 mixed mode windows-amd64 compressed oops)
Heap:
 PSYoungGen      total 429568K, used 304774K [0x00000000e0000000, 0x0000000100000000, 0x0000000100000000)
  eden space 390144K, 68% used [0x00000000e0000000,0x00000000f0322d40,0x00000000f7d00000)
  from space 39424K, 99% used [0x00000000fd980000,0x00000000ffffed68,0x0000000100000000)
  to   space 67072K, 0% used [0x00000000f7d00000,0x00000000f7d00000,0x00000000fbe80000)
 ParOldGen       total 298496K, used 164640K [0x00000000a0000000, 0x00000000b2380000, 0x00000000e0000000)
  object space 298496K, 55% used [0x00000000a0000000,0x00000000aa0c8320,0x00000000b2380000)
 Metaspace       used 92382K, capacity 96124K, committed 97752K, reserved 1134592K
  class space    used 11931K, capacity 12623K, committed 13056K, reserved 1048576K
GC Heap History (10 events):
Event: 17.705 GC heap before
{Heap before GC invocations=39 (full 5):
 PSYoungGen      total 478208K, used 435712K [0x00000000e0000000, 0x00000000ffe80000, 0x0000000100000000)
  eden space 435712K, 100% used [0x00000000e0000000,0x00000000fa980000,0x00000000fa980000)
  from space 42496K, 0% used [0x00000000fa980000,0x00000000fa980000,0x00000000fd300000)
  to   space 40960K, 0% used [0x00000000fd680000,0x00000000fd680000,0x00000000ffe80000)
 ParOldGen       total 298496K, used 106038K [0x00000000a0000000, 0x00000000b2380000, 0x00000000e0000000)
  object space 298496K, 35% used [0x00000000a0000000,0x00000000a678da00,0x00000000b2380000)
 Metaspace       used 86528K, capacity 89884K, committed 92120K, reserved 1128448K
  class space    used 11393K, capacity 12053K, committed 12544K, reserved 1048576K
Event: 17.710 GC heap after
Heap after GC invocations=39 (full 5):
 PSYoungGen      total 478720K, used 11647K [0x00000000e0000000, 0x00000000ffb80000, 0x0000000100000000)
  eden space 440832K, 0% used [0x00000000e0000000,0x00000000e0000000,0x00000000fae80000)
  from space 37888K, 30% used [0x00000000fd680000,0x00000000fe1dff38,0x00000000ffb80000)
  to   space 39424K, 0% used [0x00000000fae80000,0x00000000fae80000,0x00000000fd500000)
 ParOldGen       total 298496K, used 106046K [0x00000000a0000000, 0x00000000b2380000, 0x00000000e0000000)
  object space 298496K, 35% used [0x00000000a0000000,0x00000000a678fa00,0x00000000b2380000)
 Metaspace       used 86528K, capacity 89884K, committed 92120K, reserved 1128448K
  class space    used 11393K, capacity 12053K, committed 12544K, reserved 1048576K
}
Event: 18.009 GC heap before
{Heap before GC invocations=40 (full 5):
 PSYoungGen      total 478720K, used 452479K [0x00000000e0000000, 0x00000000ffb80000, 0x0000000100000000)
  eden space 440832K, 100% used [0x00000000e0000000,0x00000000fae80000,0x00000000fae80000)
  from space 37888K, 30% used [0x00000000fd680000,0x00000000fe1dff38,0x00000000ffb80000)
  to   space 39424K, 0% used [0x00000000fae80000,0x00000000fae80000,0x00000000fd500000)
 ParOldGen       total 298496K, used 106046K [0x00000000a0000000, 0x00000000b2380000, 0x00000000e0000000)
  object space 298496K, 35% used [0x00000000a0000000,0x00000000a678fa00,0x00000000b2380000)
 Metaspace       used 86647K, capacity 90056K, committed 92504K, reserved 1128448K
  class space    used 11403K, capacity 12087K, committed 12672K, reserved 1048576K
Event: 18.015 GC heap after
Heap after GC invocations=40 (full 5):
 PSYoungGen      total 480256K, used 13348K [0x00000000e0000000, 0x00000000ffd80000, 0x0000000100000000)
  eden space 440832K, 0% used [0x00000000e0000000,0x00000000e0000000,0x00000000fae80000)
  from space 39424K, 33% used [0x00000000fae80000,0x00000000fbb89298,0x00000000fd500000)
  to   space 37376K, 0% used [0x00000000fd900000,0x00000000fd900000,0x00000000ffd80000)
 ParOldGen       total 298496K, used 106054K [0x00000000a0000000, 0x00000000b2380000, 0x00000000e0000000)
  object space 298496K, 35% used [0x00000000a0000000,0x00000000a6791a00,0x00000000b2380000)
 Metaspace       used 86647K, capacity 90056K, committed 92504K, reserved 1128448K
  class space    used 11403K, capacity 12087K, committed 12672K, reserved 1048576K
}
Event: 18.293 GC heap before
{Heap before GC invocations=41 (full 5):
 PSYoungGen      total 480256K, used 454180K [0x00000000e0000000, 0x00000000ffd80000, 0x0000000100000000)
  eden space 440832K, 100% used [0x00000000e0000000,0x00000000fae80000,0x00000000fae80000)
  from space 39424K, 33% used [0x00000000fae80000,0x00000000fbb89298,0x00000000fd500000)
  to   space 37376K, 0% used [0x00000000fd900000,0x00000000fd900000,0x00000000ffd80000)
 ParOldGen       total 298496K, used 106054K [0x00000000a0000000, 0x00000000b2380000, 0x00000000e0000000)
  object space 298496K, 35% used [0x00000000a0000000,0x00000000a6791a00,0x00000000b2380000)
 Metaspace       used 86654K, capacity 90056K, committed 92504K, reserved 1128448K
  class space    used 11403K, capacity 12087K, committed 12672K, reserved 1048576K
Event: 18.299 GC heap after
Heap after GC invocations=41 (full 5):
 PSYoungGen      total 484352K, used 20228K [0x00000000e0000000, 0x00000000ffd00000, 0x0000000100000000)
  eden space 447488K, 0% used [0x00000000e0000000,0x00000000e0000000,0x00000000fb500000)
  from space 36864K, 54% used [0x00000000fd900000,0x00000000fecc1298,0x00000000ffd00000)
  to   space 36864K, 0% used [0x00000000fb500000,0x00000000fb500000,0x00000000fd900000)
 ParOldGen       total 298496K, used 106062K [0x00000000a0000000, 0x00000000b2380000, 0x00000000e0000000)
  object space 298496K, 35% used [0x00000000a0000000,0x00000000a6793a00,0x00000000b2380000)
 Metaspace       used 86654K, capacity 90056K, committed 92504K, reserved 1128448K
  class space    used 11403K, capacity 12087K, committed 12672K, reserved 1048576K
}
Event: 18.750 GC heap before
{Heap before GC invocations=42 (full 5):
 PSYoungGen      total 484352K, used 467716K [0x00000000e0000000, 0x00000000ffd00000, 0x0000000100000000)
  eden space 447488K, 100% used [0x00000000e0000000,0x00000000fb500000,0x00000000fb500000)
  from space 36864K, 54% used [0x00000000fd900000,0x00000000fecc1298,0x00000000ffd00000)
  to   space 36864K, 0% used [0x00000000fb500000,0x00000000fb500000,0x00000000fd900000)
 ParOldGen       total 298496K, used 106062K [0x00000000a0000000, 0x00000000b2380000, 0x00000000e0000000)
  object space 298496K, 35% used [0x00000000a0000000,0x00000000a6793a00,0x00000000b2380000)
 Metaspace       used 86663K, capacity 90056K, committed 92504K, reserved 1128448K
  class space    used 11404K, capacity 12087K, committed 12672K, reserved 1048576K
Event: 18.762 GC heap after
Heap after GC invocations=42 (full 5):
 PSYoungGen      total 484352K, used 28757K [0x00000000e0000000, 0x0000000100000000, 0x0000000100000000)
  eden space 447488K, 0% used [0x00000000e0000000,0x00000000e0000000,0x00000000fb500000)
  from space 36864K, 78% used [0x00000000fb500000,0x00000000fd115550,0x00000000fd900000)
  to   space 39424K, 0% used [0x00000000fd980000,0x00000000fd980000,0x0000000100000000)
 ParOldGen       total 298496K, used 106062K [0x00000000a0000000, 0x00000000b2380000, 0x00000000e0000000)
  object space 298496K, 35% used [0x00000000a0000000,0x00000000a6793a00,0x00000000b2380000)
 Metaspace       used 86663K, capacity 90056K, committed 92504K, reserved 1128448K
  class space    used 11404K, capacity 12087K, committed 12672K, reserved 1048576K
}
Event: 19.974 GC heap before
{Heap before GC invocations=43 (full 5):
 PSYoungGen      total 484352K, used 476245K [0x00000000e0000000, 0x0000000100000000, 0x0000000100000000)
  eden space 447488K, 100% used [0x00000000e0000000,0x00000000fb500000,0x00000000fb500000)
  from space 36864K, 78% used [0x00000000fb500000,0x00000000fd115550,0x00000000fd900000)
  to   space 39424K, 0% used [0x00000000fd980000,0x00000000fd980000,0x0000000100000000)
 ParOldGen       total 298496K, used 106062K [0x00000000a0000000, 0x00000000b2380000, 0x00000000e0000000)
  object space 298496K, 35% used [0x00000000a0000000,0x00000000a6793a00,0x00000000b2380000)
 Metaspace       used 86888K, capacity 90332K, committed 92760K, reserved 1130496K
  class space    used 11407K, capacity 12087K, committed 12672K, reserved 1048576K
Event: 20.015 GC heap after
Heap after GC invocations=43 (full 5):
 PSYoungGen      total 429568K, used 39419K [0x00000000e0000000, 0x0000000100000000, 0x0000000100000000)
  eden space 390144K, 0% used [0x00000000e0000000,0x00000000e0000000,0x00000000f7d00000)
  from space 39424K, 99% used [0x00000000fd980000,0x00000000ffffed68,0x0000000100000000)
  to   space 67072K, 0% used [0x00000000f7d00000,0x00000000f7d00000,0x00000000fbe80000)
 ParOldGen       total 298496K, used 164640K [0x00000000a0000000, 0x00000000b2380000, 0x00000000e0000000)
  object space 298496K, 55% used [0x00000000a0000000,0x00000000aa0c8320,0x00000000b2380000)
 Metaspace       used 86888K, capacity 90332K, committed 92760K, reserved 1130496K
  class space    used 11407K, capacity 12087K, committed 12672K, reserved 1048576K
}

