# JRE version: OpenJDK Runtime Environment (8.0_202-b03) (build 1.8.0_202-release-1483-b03)
# Java VM: OpenJDK 64-Bit Server VM (25.202-b03 mixed mode windows-amd64 compressed oops)
Heap:
 PSYoungGen      total 206848K, used 117025K [0x00000000e0000000, 0x00000000eec00000, 0x0000000100000000)
  eden space 176128K, 58% used [0x00000000e0000000,0x00000000e64f9208,0x00000000eac00000)
  from space 30720K, 44% used [0x00000000ece00000,0x00000000edb4f220,0x00000000eec00000)
  to   space 32768K, 0% used [0x00000000eac00000,0x00000000eac00000,0x00000000ecc00000)
 ParOldGen       total 233472K, used 77726K [0x00000000a0000000, 0x00000000ae400000, 0x00000000e0000000)
  object space 233472K, 33% used [0x00000000a0000000,0x00000000a4be7ba0,0x00000000ae400000)
 Metaspace       used 117713K, capacity 126292K, committed 126796K, reserved 1159168K
  class space    used 14661K, capacity 16064K, committed 16256K, reserved 1048576K
GC Heap History (10 events):
Event: 7652.329 GC heap before
{Heap before GC invocations=124 (full 5):
 PSYoungGen      total 199680K, used 166103K [0x00000000e0000000, 0x00000000eed80000, 0x0000000100000000)
  eden space 168448K, 91% used [0x00000000e0000000,0x00000000e95d7128,0x00000000ea480000)
  from space 31232K, 40% used [0x00000000ecf00000,0x00000000edb5ecc0,0x00000000eed80000)
  to   space 37376K, 0% used [0x00000000ea480000,0x00000000ea480000,0x00000000ec900000)
 ParOldGen       total 233472K, used 107036K [0x00000000a0000000, 0x00000000ae400000, 0x00000000e0000000)
  object space 233472K, 45% used [0x00000000a0000000,0x00000000a6887030,0x00000000ae400000)
 Metaspace       used 116642K, capacity 125876K, committed 125900K, reserved 1159168K
  class space    used 14601K, capacity 16126K, committed 16128K, reserved 1048576K
Event: 7652.333 GC heap after
Heap after GC invocations=124 (full 5):
 PSYoungGen      total 176640K, used 7952K [0x00000000e0000000, 0x00000000eea80000, 0x0000000100000000)
  eden space 168448K, 0% used [0x00000000e0000000,0x00000000e0000000,0x00000000ea480000)
  from space 8192K, 97% used [0x00000000ea480000,0x00000000eac44070,0x00000000eac80000)
  to   space 35840K, 0% used [0x00000000ec780000,0x00000000ec780000,0x00000000eea80000)
 ParOldGen       total 233472K, used 107076K [0x00000000a0000000, 0x00000000ae400000, 0x00000000e0000000)
  object space 233472K, 45% used [0x00000000a0000000,0x00000000a6891030,0x00000000ae400000)
 Metaspace       used 116642K, capacity 125876K, committed 125900K, reserved 1159168K
  class space    used 14601K, capacity 16126K, committed 16128K, reserved 1048576K
}
Event: 7652.333 GC heap before
{Heap before GC invocations=125 (full 6):
 PSYoungGen      total 176640K, used 7952K [0x00000000e0000000, 0x00000000eea80000, 0x0000000100000000)
  eden space 168448K, 0% used [0x00000000e0000000,0x00000000e0000000,0x00000000ea480000)
  from space 8192K, 97% used [0x00000000ea480000,0x00000000eac44070,0x00000000eac80000)
  to   space 35840K, 0% used [0x00000000ec780000,0x00000000ec780000,0x00000000eea80000)
 ParOldGen       total 233472K, used 107076K [0x00000000a0000000, 0x00000000ae400000, 0x00000000e0000000)
  object space 233472K, 45% used [0x00000000a0000000,0x00000000a6891030,0x00000000ae400000)
 Metaspace       used 116642K, capacity 125876K, committed 125900K, reserved 1159168K
  class space    used 14601K, capacity 16126K, committed 16128K, reserved 1048576K
Event: 7652.765 GC heap after
Heap after GC invocations=125 (full 6):
 PSYoungGen      total 176640K, used 0K [0x00000000e0000000, 0x00000000eea80000, 0x0000000100000000)
  eden space 168448K, 0% used [0x00000000e0000000,0x00000000e0000000,0x00000000ea480000)
  from space 8192K, 0% used [0x00000000ea480000,0x00000000ea480000,0x00000000eac80000)
  to   space 35840K, 0% used [0x00000000ec780000,0x00000000ec780000,0x00000000eea80000)
 ParOldGen       total 233472K, used 77702K [0x00000000a0000000, 0x00000000ae400000, 0x00000000e0000000)
  object space 233472K, 33% used [0x00000000a0000000,0x00000000a4be1ba0,0x00000000ae400000)
 Metaspace       used 116085K, capacity 124480K, committed 125900K, reserved 1159168K
  class space    used 14473K, capacity 15842K, committed 16128K, reserved 1048576K
}
Event: 7695.376 GC heap before
{Heap before GC invocations=126 (full 6):
 PSYoungGen      total 176640K, used 168448K [0x00000000e0000000, 0x00000000eea80000, 0x0000000100000000)
  eden space 168448K, 100% used [0x00000000e0000000,0x00000000ea480000,0x00000000ea480000)
  from space 8192K, 0% used [0x00000000ea480000,0x00000000ea480000,0x00000000eac80000)
  to   space 35840K, 0% used [0x00000000ec780000,0x00000000ec780000,0x00000000eea80000)
 ParOldGen       total 233472K, used 77702K [0x00000000a0000000, 0x00000000ae400000, 0x00000000e0000000)
  object space 233472K, 33% used [0x00000000a0000000,0x00000000a4be1ba0,0x00000000ae400000)
 Metaspace       used 116185K, capacity 124562K, committed 125900K, reserved 1159168K
  class space    used 14479K, capacity 15845K, committed 16128K, reserved 1048576K
Event: 7695.387 GC heap after
Heap after GC invocations=126 (full 6):
 PSYoungGen      total 204288K, used 19239K [0x00000000e0000000, 0x00000000eeb00000, 0x0000000100000000)
  eden space 168448K, 0% used [0x00000000e0000000,0x00000000e0000000,0x00000000ea480000)
  from space 35840K, 53% used [0x00000000ec780000,0x00000000eda49d60,0x00000000eea80000)
  to   space 35840K, 0% used [0x00000000ea480000,0x00000000ea480000,0x00000000ec780000)
 ParOldGen       total 233472K, used 77710K [0x00000000a0000000, 0x00000000ae400000, 0x00000000e0000000)
  object space 233472K, 33% used [0x00000000a0000000,0x00000000a4be3ba0,0x00000000ae400000)
 Metaspace       used 116185K, capacity 124562K, committed 125900K, reserved 1159168K
  class space    used 14479K, capacity 15845K, committed 16128K, reserved 1048576K
}
Event: 7696.323 GC heap before
{Heap before GC invocations=127 (full 6):
 PSYoungGen      total 204288K, used 187687K [0x00000000e0000000, 0x00000000eeb00000, 0x0000000100000000)
  eden space 168448K, 100% used [0x00000000e0000000,0x00000000ea480000,0x00000000ea480000)
  from space 35840K, 53% used [0x00000000ec780000,0x00000000eda49d60,0x00000000eea80000)
  to   space 35840K, 0% used [0x00000000ea480000,0x00000000ea480000,0x00000000ec780000)
 ParOldGen       total 233472K, used 77710K [0x00000000a0000000, 0x00000000ae400000, 0x00000000e0000000)
  object space 233472K, 33% used [0x00000000a0000000,0x00000000a4be3ba0,0x00000000ae400000)
 Metaspace       used 117323K, capacity 125796K, committed 126412K, reserved 1159168K
  class space    used 14617K, capacity 16000K, committed 16128K, reserved 1048576K
Event: 7696.352 GC heap after
Heap after GC invocations=127 (full 6):
 PSYoungGen      total 204288K, used 16565K [0x00000000e0000000, 0x00000000ef000000, 0x0000000100000000)
  eden space 168448K, 0% used [0x00000000e0000000,0x00000000e0000000,0x00000000ea480000)
  from space 35840K, 46% used [0x00000000ea480000,0x00000000eb4ad600,0x00000000ec780000)
  to   space 34816K, 0% used [0x00000000ece00000,0x00000000ece00000,0x00000000ef000000)
 ParOldGen       total 233472K, used 77718K [0x00000000a0000000, 0x00000000ae400000, 0x00000000e0000000)
  object space 233472K, 33% used [0x00000000a0000000,0x00000000a4be5ba0,0x00000000ae400000)
 Metaspace       used 117323K, capacity 125796K, committed 126412K, reserved 1159168K
  class space    used 14617K, capacity 16000K, committed 16128K, reserved 1048576K
}
Event: 7697.480 GC heap before
{Heap before GC invocations=128 (full 6):
 PSYoungGen      total 204288K, used 185013K [0x00000000e0000000, 0x00000000ef000000, 0x0000000100000000)
  eden space 168448K, 100% used [0x00000000e0000000,0x00000000ea480000,0x00000000ea480000)
  from space 35840K, 46% used [0x00000000ea480000,0x00000000eb4ad600,0x00000000ec780000)
  to   space 34816K, 0% used [0x00000000ece00000,0x00000000ece00000,0x00000000ef000000)
 ParOldGen       total 233472K, used 77718K [0x00000000a0000000, 0x00000000ae400000, 0x00000000e0000000)
  object space 233472K, 33% used [0x00000000a0000000,0x00000000a4be5ba0,0x00000000ae400000)
 Metaspace       used 117593K, capacity 126094K, committed 126668K, reserved 1159168K
  class space    used 14645K, capacity 16025K, committed 16128K, reserved 1048576K
Event: 7697.488 GC heap after
Heap after GC invocations=128 (full 6):
 PSYoungGen      total 206848K, used 13628K [0x00000000e0000000, 0x00000000eec00000, 0x0000000100000000)
  eden space 176128K, 0% used [0x00000000e0000000,0x00000000e0000000,0x00000000eac00000)
  from space 30720K, 44% used [0x00000000ece00000,0x00000000edb4f220,0x00000000eec00000)
  to   space 32768K, 0% used [0x00000000eac00000,0x00000000eac00000,0x00000000ecc00000)
 ParOldGen       total 233472K, used 77726K [0x00000000a0000000, 0x00000000ae400000, 0x00000000e0000000)
  object space 233472K, 33% used [0x00000000a0000000,0x00000000a4be7ba0,0x00000000ae400000)
 Metaspace       used 117593K, capacity 126094K, committed 126668K, reserved 1159168K
  class space    used 14645K, capacity 16025K, committed 16128K, reserved 1048576K
}

